<?xml version="1.0" encoding="UTF-8"?>
<testsuite name="com.tata.shoppersden.tests.BusinessTest" tests="11" skipped="0" failures="0" errors="0" timestamp="2021-02-21T08:32:40" hostname="Sangat-BaralMacBook-Pro.local" time="0.029">
  <properties/>
  <testcase name="testUpdateCategoryAction()" classname="com.tata.shoppersden.tests.BusinessTest" time="0.001"/>
  <testcase name="testDeleteProductAction()" classname="com.tata.shoppersden.tests.BusinessTest" time="0.015"/>
  <testcase name="testUpdateProductAction()" classname="com.tata.shoppersden.tests.BusinessTest" time="0.001"/>
  <testcase name="testPlaceOrderAction()" classname="com.tata.shoppersden.tests.BusinessTest" time="0.001"/>
  <testcase name="testAddProductAction()" classname="com.tata.shoppersden.tests.BusinessTest" time="0.001"/>
  <testcase name="testUpdateCustomerDetails()" classname="com.tata.shoppersden.tests.BusinessTest" time="0.001"/>
  <testcase name="testRemoveFromCart()" classname="com.tata.shoppersden.tests.BusinessTest" time="0.0"/>
  <testcase name="testAddCategoryAction()" classname="com.tata.shoppersden.tests.BusinessTest" time="0.0"/>
  <testcase name="testAddToCartAction()" classname="com.tata.shoppersden.tests.BusinessTest" time="0.0"/>
  <testcase name="Test Forget Password" classname="com.tata.shoppersden.tests.BusinessTest" time="0.001"/>
  <testcase name="testCancelOrder()" classname="com.tata.shoppersden.tests.BusinessTest" time="0.001"/>
  <system-out><![CDATA[]]></system-out>
  <system-err><![CDATA[]]></system-err>
</testsuite>
