<?xml version="1.0" encoding="UTF-8"?>
<testsuite name="com.tata.shoppersden.tests.AdminDaoTest" tests="15" skipped="0" failures="0" errors="0" timestamp="2021-02-21T08:32:40" hostname="Sangat-BaralMacBook-Pro.local" time="0.317">
  <properties/>
  <testcase name="Test Update Product Image" classname="com.tata.shoppersden.tests.AdminDaoTest" time="0.018"/>
  <testcase name="Test Update Product Price" classname="com.tata.shoppersden.tests.AdminDaoTest" time="0.017"/>
  <testcase name="Test Add Category" classname="com.tata.shoppersden.tests.AdminDaoTest" time="0.017"/>
  <testcase name="Test Get Categories" classname="com.tata.shoppersden.tests.AdminDaoTest" time="0.03"/>
  <testcase name="Test  Get Product By Category Name" classname="com.tata.shoppersden.tests.AdminDaoTest" time="0.02"/>
  <testcase name="Test View all Customer Details" classname="com.tata.shoppersden.tests.AdminDaoTest" time="0.021"/>
  <testcase name="Test Admin Model" classname="com.tata.shoppersden.tests.AdminDaoTest" time="0.021"/>
  <testcase name="Test Update ProductName" classname="com.tata.shoppersden.tests.AdminDaoTest" time="0.021"/>
  <testcase name="Test Update ProductName" classname="com.tata.shoppersden.tests.AdminDaoTest" time="0.023"/>
  <testcase name="Test Update Product DOM" classname="com.tata.shoppersden.tests.AdminDaoTest" time="0.023"/>
  <testcase name="Test Admin Login" classname="com.tata.shoppersden.tests.AdminDaoTest" time="0.02"/>
  <testcase name="Test Add Product" classname="com.tata.shoppersden.tests.AdminDaoTest" time="0.021"/>
  <testcase name="Test  Update Category Name" classname="com.tata.shoppersden.tests.AdminDaoTest" time="0.02"/>
  <testcase name="Test Delete Product" classname="com.tata.shoppersden.tests.AdminDaoTest" time="0.019"/>
  <testcase name="Test Get Product By Category ID" classname="com.tata.shoppersden.tests.AdminDaoTest" time="0.014"/>
  <system-out><![CDATA[]]></system-out>
  <system-err><![CDATA[]]></system-err>
</testsuite>
