<?xml version="1.0" encoding="UTF-8"?>
<testsuite name="com.tata.shoppersden.tests.ProductDaoTest" tests="10" skipped="0" failures="0" errors="0" timestamp="2021-02-21T08:32:40" hostname="Sangat-BaralMacBook-Pro.local" time="0.172">
  <properties/>
  <testcase name="testViewProducts()" classname="com.tata.shoppersden.tests.ProductDaoTest" time="0.024"/>
  <testcase name="Product Price should not be 0" classname="com.tata.shoppersden.tests.ProductDaoTest" time="0.017"/>
  <testcase name="Product Image should not be empty" classname="com.tata.shoppersden.tests.ProductDaoTest" time="0.017"/>
  <testcase name="Product ID should not be zero" classname="com.tata.shoppersden.tests.ProductDaoTest" time="0.018"/>
  <testcase name="Product Name should not be empty" classname="com.tata.shoppersden.tests.ProductDaoTest" time="0.017"/>
  <testcase name="Product Description should not be empty" classname="com.tata.shoppersden.tests.ProductDaoTest" time="0.015"/>
  <testcase name="Product Name should not be empty" classname="com.tata.shoppersden.tests.ProductDaoTest" time="0.014"/>
  <testcase name="Product ID should be unique" classname="com.tata.shoppersden.tests.ProductDaoTest" time="0.014"/>
  <testcase name="Product DOM should not be empty" classname="com.tata.shoppersden.tests.ProductDaoTest" time="0.015"/>
  <testcase name="Product Quantity should not be 0" classname="com.tata.shoppersden.tests.ProductDaoTest" time="0.016"/>
  <system-out><![CDATA[]]></system-out>
  <system-err><![CDATA[]]></system-err>
</testsuite>
